<?xml version="1.0" encoding="UTF-8"?>
<coverage generated="1770912157267" clover="3.2.0">
  <project timestamp="1770912157267" name="All files">
    <metrics statements="148" coveredstatements="99" conditionals="71" coveredconditionals="38" methods="51" coveredmethods="23" elements="270" coveredelements="160" complexity="0" loc="148" ncloc="148" packages="3" files="6" classes="6"/>
    <package name="components">
      <metrics statements="95" coveredstatements="56" conditionals="40" coveredconditionals="23" methods="31" coveredmethods="8"/>
      <file name="CartDrawer.tsx" path="/home/joel/Documentos/TESTE_FRONT/frontend/src/components/CartDrawer.tsx">
        <metrics statements="33" coveredstatements="18" conditionals="17" coveredconditionals="5" methods="6" coveredmethods="2"/>
        <line num="3" count="1" type="stmt"/>
        <line num="4" count="1" type="stmt"/>
        <line num="14" count="1" type="stmt"/>
        <line num="15" count="1" type="stmt"/>
        <line num="16" count="1" type="stmt"/>
        <line num="17" count="1" type="stmt"/>
        <line num="18" count="1" type="stmt"/>
        <line num="19" count="1" type="stmt"/>
        <line num="26" count="4" type="stmt"/>
        <line num="27" count="4" type="stmt"/>
        <line num="28" count="4" type="stmt"/>
        <line num="29" count="4" type="stmt"/>
        <line num="31" count="4" type="stmt"/>
        <line num="32" count="4" type="cond" truecount="1" falsecount="0"/>
        <line num="33" count="4" type="stmt"/>
        <line num="34" count="4" type="stmt"/>
        <line num="37" count="0" type="stmt"/>
        <line num="38" count="0" type="stmt"/>
        <line num="39" count="0" type="cond" truecount="0" falsecount="1"/>
        <line num="40" count="0" type="stmt"/>
        <line num="41" count="0" type="stmt"/>
        <line num="42" count="0" type="stmt"/>
        <line num="44" count="0" type="stmt"/>
        <line num="45" count="0" type="stmt"/>
        <line num="46" count="0" type="stmt"/>
        <line num="49" count="0" type="stmt"/>
        <line num="50" count="0" type="stmt"/>
        <line num="51" count="0" type="stmt"/>
        <line num="54" count="4" type="stmt"/>
        <line num="59" count="4" type="stmt"/>
        <line num="60" count="0" type="stmt"/>
        <line num="61" count="0" type="stmt"/>
        <line num="120" count="0" type="stmt"/>
      </file>
      <file name="CartItem.tsx" path="/home/joel/Documentos/TESTE_FRONT/frontend/src/components/CartItem.tsx">
        <metrics statements="11" coveredstatements="10" conditionals="0" coveredconditionals="0" methods="4" coveredmethods="3"/>
        <line num="8" count="2" type="stmt"/>
        <line num="9" count="2" type="stmt"/>
        <line num="10" count="2" type="stmt"/>
        <line num="11" count="2" type="stmt"/>
        <line num="20" count="4" type="stmt"/>
        <line num="21" count="4" type="stmt"/>
        <line num="23" count="4" type="stmt"/>
        <line num="28" count="4" type="stmt"/>
        <line num="74" count="0" type="stmt"/>
        <line num="85" count="1" type="stmt"/>
        <line num="96" count="1" type="stmt"/>
      </file>
      <file name="EventCard.tsx" path="/home/joel/Documentos/TESTE_FRONT/frontend/src/components/EventCard.tsx">
        <metrics statements="28" coveredstatements="19" conditionals="14" coveredconditionals="11" methods="9" coveredmethods="1"/>
        <line num="3" count="1" type="stmt"/>
        <line num="16" count="1" type="stmt"/>
        <line num="17" count="1" type="stmt"/>
        <line num="18" count="1" type="stmt"/>
        <line num="19" count="1" type="stmt"/>
        <line num="20" count="1" type="stmt"/>
        <line num="21" count="1" type="stmt"/>
        <line num="22" count="1" type="stmt"/>
        <line num="24" count="1" type="stmt"/>
        <line num="30" count="7" type="stmt"/>
        <line num="31" count="7" type="stmt"/>
        <line num="32" count="7" type="stmt"/>
        <line num="33" count="7" type="stmt"/>
        <line num="35" count="7" type="stmt"/>
        <line num="41" count="7" type="stmt"/>
        <line num="46" count="7" type="stmt"/>
        <line num="47" count="7" type="stmt"/>
        <line num="48" count="7" type="cond" truecount="2" falsecount="0"/>
        <line num="50" count="7" type="stmt"/>
        <line num="51" count="0" type="stmt"/>
        <line num="52" count="0" type="cond" truecount="0" falsecount="1"/>
        <line num="53" count="0" type="stmt"/>
        <line num="54" count="0" type="stmt"/>
        <line num="55" count="0" type="stmt"/>
        <line num="165" count="0" type="stmt"/>
        <line num="176" count="0" type="stmt"/>
        <line num="204" count="0" type="stmt"/>
        <line num="210" count="0" type="stmt"/>
      </file>
      <file name="PaymentForm.tsx" path="/home/joel/Documentos/TESTE_FRONT/frontend/src/components/PaymentForm.tsx">
        <metrics statements="23" coveredstatements="9" conditionals="9" coveredconditionals="7" methods="12" coveredmethods="2"/>
        <line num="3" count="1" type="stmt"/>
        <line num="14" count="1" type="stmt"/>
        <line num="15" count="1" type="stmt"/>
        <line num="16" count="1" type="stmt"/>
        <line num="28" count="0" type="stmt"/>
        <line num="29" count="0" type="stmt"/>
        <line num="33" count="0" type="stmt"/>
        <line num="34" count="0" type="cond" truecount="0" falsecount="1"/>
        <line num="35" count="0" type="stmt"/>
        <line num="38" count="5" type="stmt"/>
        <line num="45" count="5" type="stmt"/>
        <line num="47" count="5" type="stmt"/>
        <line num="49" count="5" type="stmt"/>
        <line num="50" count="0" type="stmt"/>
        <line num="51" count="0" type="stmt"/>
        <line num="52" count="0" type="stmt"/>
        <line num="62" count="0" type="stmt"/>
        <line num="74" count="0" type="stmt"/>
        <line num="103" count="0" type="stmt"/>
        <line num="183" count="0" type="stmt"/>
        <line num="193" count="1" type="stmt"/>
        <line num="203" count="0" type="stmt"/>
        <line num="213" count="0" type="stmt"/>
      </file>
    </package>
    <package name="context">
      <metrics statements="49" coveredstatements="39" conditionals="31" coveredconditionals="15" methods="19" coveredmethods="14"/>
      <file name="CartContext.tsx" path="/home/joel/Documentos/TESTE_FRONT/frontend/src/context/CartContext.tsx">
        <metrics statements="49" coveredstatements="39" conditionals="31" coveredconditionals="15" methods="19" coveredmethods="14"/>
        <line num="3" count="3" type="stmt"/>
        <line num="18" count="3" type="stmt"/>
        <line num="19" count="3" type="stmt"/>
        <line num="22" count="14" type="cond" truecount="4" falsecount="2"/>
        <line num="24" count="11" type="stmt"/>
        <line num="25" count="11" type="cond" truecount="2" falsecount="0"/>
        <line num="27" count="1" type="cond" truecount="1" falsecount="1"/>
        <line num="32" count="11" type="stmt"/>
        <line num="38" count="2" type="stmt"/>
        <line num="39" count="1" type="stmt"/>
        <line num="45" count="1" type="cond" truecount="0" falsecount="1"/>
        <line num="46" count="0" type="stmt"/>
        <line num="47" count="0" type="stmt"/>
        <line num="52" count="1" type="stmt"/>
        <line num="55" count="1" type="cond" truecount="1" falsecount="1"/>
        <line num="62" count="1" type="stmt"/>
        <line num="64" count="0" type="stmt"/>
        <line num="66" count="0" type="stmt"/>
        <line num="82" count="31" type="stmt"/>
        <line num="94" count="19" type="stmt"/>
        <line num="95" count="31" type="stmt"/>
        <line num="96" count="31" type="stmt"/>
        <line num="98" count="31" type="stmt"/>
        <line num="99" count="19" type="stmt"/>
        <line num="100" count="19" type="stmt"/>
        <line num="101" count="19" type="cond" truecount="0" falsecount="1"/>
        <line num="102" count="0" type="stmt"/>
        <line num="103" count="0" type="cond" truecount="0" falsecount="4"/>
        <line num="104" count="0" type="stmt"/>
        <line num="105" count="0" type="cond" truecount="0" falsecount="1"/>
        <line num="106" count="0" type="stmt"/>
        <line num="110" count="0" type="stmt"/>
        <line num="112" count="19" type="stmt"/>
        <line num="115" count="31" type="stmt"/>
        <line num="116" count="31" type="cond" truecount="0" falsecount="1"/>
        <line num="117" count="31" type="cond" truecount="2" falsecount="0"/>
        <line num="118" count="11" type="stmt"/>
        <line num="120" count="20" type="stmt"/>
        <line num="124" count="31" type="cond" truecount="0" falsecount="1"/>
        <line num="125" count="11" type="stmt"/>
        <line num="128" count="31" type="stmt"/>
        <line num="129" count="1" type="stmt"/>
        <line num="132" count="31" type="stmt"/>
        <line num="133" count="1" type="stmt"/>
        <line num="136" count="31" type="stmt"/>
        <line num="137" count="1" type="stmt"/>
        <line num="140" count="31" type="stmt"/>
        <line num="141" count="31" type="stmt"/>
        <line num="142" count="31" type="cond" truecount="2" falsecount="0"/>
      </file>
    </package>
    <package name="hooks">
      <metrics statements="4" coveredstatements="4" conditionals="0" coveredconditionals="0" methods="1" coveredmethods="1"/>
      <file name="useCart.ts" path="/home/joel/Documentos/TESTE_FRONT/frontend/src/hooks/useCart.ts">
        <metrics statements="4" coveredstatements="4" conditionals="0" coveredconditionals="0" methods="1" coveredmethods="1"/>
        <line num="3" count="3" type="stmt"/>
        <line num="4" count="3" type="stmt"/>
        <line num="6" count="31" type="stmt"/>
        <line num="7" count="31" type="stmt"/>
      </file>
    </package>
  </project>
</coverage>
