{"/home/joel/Documentos/TESTE_FRONT/frontend/src/components/CartDrawer.tsx": {"path":"/home/joel/Documentos/TESTE_FRONT/frontend/src/components/CartDrawer.tsx","statementMap":{"0":{"start":{"line":26,"column":24},"end":{"line":26,"column":35}},"1":{"start":{"line":3,"column":36},"end":{"line":3,"column":null}},"2":{"start":{"line":4,"column":26},"end":{"line":4,"column":null}},"3":{"start":{"line":14,"column":7},"end":{"line":14,"column":null}},"4":{"start":{"line":15,"column":22},"end":{"line":15,"column":null}},"5":{"start":{"line":16,"column":37},"end":{"line":16,"column":null}},"6":{"start":{"line":17,"column":22},"end":{"line":17,"column":null}},"7":{"start":{"line":18,"column":30},"end":{"line":18,"column":null}},"8":{"start":{"line":19,"column":24},"end":{"line":19,"column":null}},"9":{"start":{"line":27,"column":19},"end":{"line":27,"column":null}},"10":{"start":{"line":28,"column":96},"end":{"line":28,"column":null}},"11":{"start":{"line":29,"column":36},"end":{"line":29,"column":null}},"12":{"start":{"line":31,"column":4},"end":{"line":52,"column":null}},"13":{"start":{"line":32,"column":8},"end":{"line":35,"column":null}},"14":{"start":{"line":33,"column":12},"end":{"line":33,"column":null}},"15":{"start":{"line":34,"column":12},"end":{"line":34,"column":null}},"16":{"start":{"line":37,"column":23},"end":{"line":47,"column":null}},"17":{"start":{"line":38,"column":25},"end":{"line":38,"column":null}},"18":{"start":{"line":39,"column":12},"end":{"line":43,"column":null}},"19":{"start":{"line":40,"column":16},"end":{"line":40,"column":null}},"20":{"start":{"line":41,"column":16},"end":{"line":41,"column":null}},"21":{"start":{"line":42,"column":16},"end":{"line":42,"column":null}},"22":{"start":{"line":44,"column":25},"end":{"line":44,"column":null}},"23":{"start":{"line":45,"column":25},"end":{"line":45,"column":null}},"24":{"start":{"line":46,"column":12},"end":{"line":46,"column":null}},"25":{"start":{"line":49,"column":8},"end":{"line":49,"column":null}},"26":{"start":{"line":50,"column":25},"end":{"line":50,"column":null}},"27":{"start":{"line":51,"column":8},"end":{"line":51,"column":null}},"28":{"start":{"line":51,"column":21},"end":{"line":51,"column":null}},"29":{"start":{"line":54,"column":27},"end":{"line":57,"column":null}},"30":{"start":{"line":59,"column":27},"end":{"line":62,"column":null}},"31":{"start":{"line":60,"column":8},"end":{"line":60,"column":null}},"32":{"start":{"line":61,"column":8},"end":{"line":61,"column":null}},"33":{"start":{"line":120,"column":28},"end":{"line":121,"column":null}}},"fnMap":{"0":{"name":"CartDrawer","decl":{"start":{"line":26,"column":24},"end":{"line":26,"column":35}},"loc":{"start":{"line":26,"column":69},"end":{"line":163,"column":null}}},"1":{"name":"(anonymous_3)","decl":{"start":{"line":31,"column":14},"end":{"line":31,"column":null}},"loc":{"start":{"line":31,"column":14},"end":{"line":52,"column":7}}},"2":{"name":"(anonymous_4)","decl":{"start":{"line":37,"column":23},"end":{"line":37,"column":null}},"loc":{"start":{"line":37,"column":23},"end":{"line":47,"column":null}}},"3":{"name":"(anonymous_5)","decl":{"start":{"line":51,"column":15},"end":{"line":51,"column":21}},"loc":{"start":{"line":51,"column":21},"end":{"line":51,"column":null}}},"4":{"name":"(anonymous_6)","decl":{"start":{"line":59,"column":27},"end":{"line":59,"column":null}},"loc":{"start":{"line":59,"column":27},"end":{"line":62,"column":null}}},"5":{"name":"(anonymous_7)","decl":{"start":{"line":119,"column":35},"end":{"line":119,"column":36}},"loc":{"start":{"line":120,"column":28},"end":{"line":121,"column":null}}}},"branchMap":{"0":{"loc":{"start":{"line":32,"column":8},"end":{"line":35,"column":null}},"type":"if","locations":[{"start":{"line":32,"column":8},"end":{"line":35,"column":null}}]},"1":{"loc":{"start":{"line":39,"column":12},"end":{"line":43,"column":null}},"type":"if","locations":[{"start":{"line":39,"column":12},"end":{"line":43,"column":null}}]},"2":{"loc":{"start":{"line":84,"column":21},"end":{"line":84,"column":null}},"type":"binary-expr","locations":[{"start":{"line":84,"column":21},"end":{"line":84,"column":null}}]},"3":{"loc":{"start":{"line":95,"column":13},"end":{"line":95,"column":26}},"type":"binary-expr","locations":[{"start":{"line":95,"column":13},"end":{"line":95,"column":26}},{"start":{"line":95,"column":26},"end":{"line":95,"column":null}}]},"4":{"loc":{"start":{"line":96,"column":54},"end":{"line":96,"column":119}},"type":"cond-expr","locations":[{"start":{"line":96,"column":80},"end":{"line":96,"column":95}},{"start":{"line":96,"column":95},"end":{"line":96,"column":119}}]},"5":{"loc":{"start":{"line":98,"column":62},"end":{"line":98,"column":119}},"type":"cond-expr","locations":[{"start":{"line":98,"column":88},"end":{"line":98,"column":104}},{"start":{"line":98,"column":104},"end":{"line":98,"column":119}}]},"6":{"loc":{"start":{"line":99,"column":59},"end":{"line":99,"column":117}},"type":"cond-expr","locations":[{"start":{"line":99,"column":85},"end":{"line":99,"column":101}},{"start":{"line":99,"column":101},"end":{"line":99,"column":117}}]},"7":{"loc":{"start":{"line":100,"column":29},"end":{"line":100,"column":107}},"type":"cond-expr","locations":[{"start":{"line":100,"column":55},"end":{"line":100,"column":76}},{"start":{"line":100,"column":76},"end":{"line":100,"column":107}}]},"8":{"loc":{"start":{"line":108,"column":20},"end":{"line":118,"column":21}},"type":"cond-expr","locations":[{"start":{"line":108,"column":20},"end":{"line":118,"column":21}}]},"9":{"loc":{"start":{"line":131,"column":13},"end":{"line":131,"column":null}},"type":"binary-expr","locations":[{"start":{"line":131,"column":13},"end":{"line":131,"column":null}}]},"10":{"loc":{"start":{"line":135,"column":52},"end":{"line":135,"column":96}},"type":"cond-expr","locations":[{"start":{"line":135,"column":71},"end":{"line":135,"column":84}},{"start":{"line":135,"column":84},"end":{"line":135,"column":96}}]}},"s":{"0":4,"1":1,"2":1,"3":1,"4":1,"5":1,"6":1,"7":1,"8":1,"9":4,"10":4,"11":4,"12":4,"13":4,"14":4,"15":4,"16":0,"17":0,"18":0,"19":0,"20":0,"21":0,"22":0,"23":0,"24":0,"25":0,"26":0,"27":0,"28":0,"29":4,"30":4,"31":0,"32":0,"33":0},"f":{"0":4,"1":4,"2":0,"3":0,"4":0,"5":0},"b":{"0":[4],"1":[0],"2":[4],"3":[4,0],"4":[0,0],"5":[0,0],"6":[0,0],"7":[0,0],"8":[4],"9":[4],"10":[0,0]}}
,"/home/joel/Documentos/TESTE_FRONT/frontend/src/components/CartItem.tsx": {"path":"/home/joel/Documentos/TESTE_FRONT/frontend/src/components/CartItem.tsx","statementMap":{"0":{"start":{"line":20,"column":24},"end":{"line":20,"column":42}},"1":{"start":{"line":8,"column":7},"end":{"line":8,"column":null}},"2":{"start":{"line":9,"column":20},"end":{"line":9,"column":null}},"3":{"start":{"line":10,"column":23},"end":{"line":10,"column":null}},"4":{"start":{"line":11,"column":30},"end":{"line":11,"column":null}},"5":{"start":{"line":21,"column":32},"end":{"line":21,"column":null}},"6":{"start":{"line":23,"column":27},"end":{"line":26,"column":null}},"7":{"start":{"line":28,"column":22},"end":{"line":31,"column":null}},"8":{"start":{"line":74,"column":39},"end":{"line":74,"column":null}},"9":{"start":{"line":85,"column":39},"end":{"line":85,"column":null}},"10":{"start":{"line":96,"column":35},"end":{"line":96,"column":null}}},"fnMap":{"0":{"name":"CartItemComponent","decl":{"start":{"line":20,"column":24},"end":{"line":20,"column":42}},"loc":{"start":{"line":20,"column":102},"end":{"line":107,"column":null}}},"1":{"name":"(anonymous_3)","decl":{"start":{"line":74,"column":33},"end":{"line":74,"column":39}},"loc":{"start":{"line":74,"column":39},"end":{"line":74,"column":null}}},"2":{"name":"(anonymous_4)","decl":{"start":{"line":85,"column":33},"end":{"line":85,"column":39}},"loc":{"start":{"line":85,"column":39},"end":{"line":85,"column":null}}},"3":{"name":"(anonymous_5)","decl":{"start":{"line":96,"column":29},"end":{"line":96,"column":35}},"loc":{"start":{"line":96,"column":35},"end":{"line":96,"column":null}}}},"branchMap":{},"s":{"0":4,"1":2,"2":2,"3":2,"4":2,"5":4,"6":4,"7":4,"8":0,"9":1,"10":1},"f":{"0":4,"1":0,"2":1,"3":1},"b":{}}
,"/home/joel/Documentos/TESTE_FRONT/frontend/src/components/EventCard.tsx": {"path":"/home/joel/Documentos/TESTE_FRONT/frontend/src/components/EventCard.tsx","statementMap":{"0":{"start":{"line":30,"column":24},"end":{"line":30,"column":34}},"1":{"start":{"line":3,"column":25},"end":{"line":3,"column":null}},"2":{"start":{"line":16,"column":7},"end":{"line":16,"column":null}},"3":{"start":{"line":17,"column":30},"end":{"line":17,"column":null}},"4":{"start":{"line":18,"column":27},"end":{"line":18,"column":null}},"5":{"start":{"line":19,"column":32},"end":{"line":19,"column":null}},"6":{"start":{"line":20,"column":23},"end":{"line":20,"column":null}},"7":{"start":{"line":21,"column":20},"end":{"line":21,"column":null}},"8":{"start":{"line":22,"column":23},"end":{"line":22,"column":null}},"9":{"start":{"line":24,"column":24},"end":{"line":24,"column":null}},"10":{"start":{"line":31,"column":31},"end":{"line":31,"column":null}},"11":{"start":{"line":32,"column":36},"end":{"line":32,"column":null}},"12":{"start":{"line":33,"column":44},"end":{"line":33,"column":null}},"13":{"start":{"line":35,"column":26},"end":{"line":39,"column":null}},"14":{"start":{"line":41,"column":27},"end":{"line":44,"column":null}},"15":{"start":{"line":46,"column":22},"end":{"line":46,"column":null}},"16":{"start":{"line":47,"column":19},"end":{"line":47,"column":null}},"17":{"start":{"line":47,"column":37},"end":{"line":47,"column":60}},"18":{"start":{"line":48,"column":19},"end":{"line":48,"column":null}},"19":{"start":{"line":50,"column":22},"end":{"line":56,"column":null}},"20":{"start":{"line":51,"column":8},"end":{"line":51,"column":null}},"21":{"start":{"line":52,"column":8},"end":{"line":52,"column":null}},"22":{"start":{"line":52,"column":25},"end":{"line":52,"column":null}},"23":{"start":{"line":53,"column":8},"end":{"line":53,"column":null}},"24":{"start":{"line":54,"column":8},"end":{"line":54,"column":null}},"25":{"start":{"line":55,"column":8},"end":{"line":55,"column":null}},"26":{"start":{"line":165,"column":50},"end":{"line":165,"column":71}},"27":{"start":{"line":165,"column":71},"end":{"line":165,"column":111}},"28":{"start":{"line":165,"column":90},"end":{"line":165,"column":111}},"29":{"start":{"line":176,"column":50},"end":{"line":176,"column":71}},"30":{"start":{"line":176,"column":71},"end":{"line":176,"column":116}},"31":{"start":{"line":176,"column":90},"end":{"line":176,"column":116}},"32":{"start":{"line":204,"column":31},"end":{"line":204,"column":null}},"33":{"start":{"line":210,"column":35},"end":{"line":210,"column":null}}},"fnMap":{"0":{"name":"EventCard","decl":{"start":{"line":30,"column":24},"end":{"line":30,"column":34}},"loc":{"start":{"line":30,"column":59},"end":{"line":218,"column":null}}},"1":{"name":"(anonymous_3)","decl":{"start":{"line":47,"column":30},"end":{"line":47,"column":31}},"loc":{"start":{"line":47,"column":37},"end":{"line":47,"column":60}}},"2":{"name":"(anonymous_4)","decl":{"start":{"line":50,"column":22},"end":{"line":50,"column":23}},"loc":{"start":{"line":50,"column":23},"end":{"line":56,"column":null}}},"3":{"name":"(anonymous_5)","decl":{"start":{"line":165,"column":41},"end":{"line":165,"column":42}},"loc":{"start":{"line":165,"column":42},"end":{"line":165,"column":null}}},"4":{"name":"(anonymous_6)","decl":{"start":{"line":165,"column":83},"end":{"line":165,"column":84}},"loc":{"start":{"line":165,"column":90},"end":{"line":165,"column":111}}},"5":{"name":"(anonymous_7)","decl":{"start":{"line":176,"column":41},"end":{"line":176,"column":42}},"loc":{"start":{"line":176,"column":42},"end":{"line":176,"column":null}}},"6":{"name":"(anonymous_8)","decl":{"start":{"line":176,"column":83},"end":{"line":176,"column":84}},"loc":{"start":{"line":176,"column":90},"end":{"line":176,"column":116}}},"7":{"name":"(anonymous_9)","decl":{"start":{"line":204,"column":25},"end":{"line":204,"column":31}},"loc":{"start":{"line":204,"column":31},"end":{"line":204,"column":null}}},"8":{"name":"(anonymous_10)","decl":{"start":{"line":210,"column":29},"end":{"line":210,"column":35}},"loc":{"start":{"line":210,"column":35},"end":{"line":210,"column":null}}}},"branchMap":{"0":{"loc":{"start":{"line":48,"column":45},"end":{"line":48,"column":null}},"type":"binary-expr","locations":[{"start":{"line":48,"column":45},"end":{"line":48,"column":65}},{"start":{"line":48,"column":65},"end":{"line":48,"column":null}}]},"1":{"loc":{"start":{"line":52,"column":8},"end":{"line":52,"column":null}},"type":"if","locations":[{"start":{"line":52,"column":8},"end":{"line":52,"column":null}}]},"2":{"loc":{"start":{"line":65,"column":29},"end":{"line":65,"column":null}},"type":"cond-expr","locations":[{"start":{"line":65,"column":41},"end":{"line":65,"column":47}},{"start":{"line":65,"column":47},"end":{"line":65,"column":null}}]},"3":{"loc":{"start":{"line":69,"column":31},"end":{"line":74,"column":null}},"type":"cond-expr","locations":[{"start":{"line":70,"column":26},"end":{"line":70,"column":null}},{"start":{"line":71,"column":26},"end":{"line":74,"column":null}}]},"4":{"loc":{"start":{"line":108,"column":21},"end":{"line":108,"column":null}},"type":"binary-expr","locations":[{"start":{"line":108,"column":21},"end":{"line":108,"column":null}}]},"5":{"loc":{"start":{"line":116,"column":21},"end":{"line":116,"column":31}},"type":"binary-expr","locations":[{"start":{"line":116,"column":21},"end":{"line":116,"column":31}},{"start":{"line":116,"column":31},"end":{"line":116,"column":null}}]},"6":{"loc":{"start":{"line":161,"column":21},"end":{"line":161,"column":null}},"type":"binary-expr","locations":[{"start":{"line":161,"column":21},"end":{"line":161,"column":null}}]},"7":{"loc":{"start":{"line":190,"column":33},"end":{"line":190,"column":null}},"type":"cond-expr","locations":[{"start":{"line":190,"column":47},"end":{"line":190,"column":59}},{"start":{"line":190,"column":59},"end":{"line":190,"column":null}}]},"8":{"loc":{"start":{"line":194,"column":21},"end":{"line":194,"column":null}},"type":"binary-expr","locations":[{"start":{"line":194,"column":21},"end":{"line":194,"column":null}}]}},"s":{"0":7,"1":1,"2":1,"3":1,"4":1,"5":1,"6":1,"7":1,"8":1,"9":1,"10":7,"11":7,"12":7,"13":7,"14":7,"15":7,"16":7,"17":0,"18":7,"19":7,"20":0,"21":0,"22":0,"23":0,"24":0,"25":0,"26":0,"27":0,"28":0,"29":0,"30":0,"31":0,"32":0,"33":0},"f":{"0":7,"1":0,"2":0,"3":0,"4":0,"5":0,"6":0,"7":0,"8":0},"b":{"0":[7,7],"1":[0],"2":[2,5],"3":[2,5],"4":[7],"5":[7,0],"6":[7],"7":[0,5],"8":[7]}}
,"/home/joel/Documentos/TESTE_FRONT/frontend/src/components/PaymentForm.tsx": {"path":"/home/joel/Documentos/TESTE_FRONT/frontend/src/components/PaymentForm.tsx","statementMap":{"0":{"start":{"line":38,"column":24},"end":{"line":38,"column":36}},"1":{"start":{"line":3,"column":25},"end":{"line":3,"column":null}},"2":{"start":{"line":14,"column":7},"end":{"line":14,"column":null}},"3":{"start":{"line":15,"column":20},"end":{"line":15,"column":null}},"4":{"start":{"line":16,"column":27},"end":{"line":16,"column":null}},"5":{"start":{"line":28,"column":19},"end":{"line":28,"column":null}},"6":{"start":{"line":29,"column":4},"end":{"line":29,"column":null}},"7":{"start":{"line":33,"column":19},"end":{"line":33,"column":null}},"8":{"start":{"line":34,"column":4},"end":{"line":34,"column":null}},"9":{"start":{"line":34,"column":27},"end":{"line":34,"column":null}},"10":{"start":{"line":35,"column":4},"end":{"line":35,"column":null}},"11":{"start":{"line":45,"column":38},"end":{"line":45,"column":null}},"12":{"start":{"line":47,"column":21},"end":{"line":47,"column":null}},"13":{"start":{"line":49,"column":23},"end":{"line":53,"column":null}},"14":{"start":{"line":50,"column":8},"end":{"line":50,"column":null}},"15":{"start":{"line":51,"column":8},"end":{"line":51,"column":null}},"16":{"start":{"line":52,"column":8},"end":{"line":52,"column":null}},"17":{"start":{"line":52,"column":25},"end":{"line":52,"column":46}},"18":{"start":{"line":62,"column":33},"end":{"line":62,"column":null}},"19":{"start":{"line":74,"column":39},"end":{"line":74,"column":null}},"20":{"start":{"line":103,"column":39},"end":{"line":103,"column":null}},"21":{"start":{"line":183,"column":41},"end":{"line":183,"column":null}},"22":{"start":{"line":193,"column":41},"end":{"line":193,"column":null}},"23":{"start":{"line":203,"column":45},"end":{"line":203,"column":null}},"24":{"start":{"line":213,"column":45},"end":{"line":213,"column":null}}},"fnMap":{"0":{"name":"formatCardNumber","decl":{"start":{"line":27,"column":9},"end":{"line":27,"column":26}},"loc":{"start":{"line":27,"column":39},"end":{"line":30,"column":null}}},"1":{"name":"formatExpiry","decl":{"start":{"line":32,"column":9},"end":{"line":32,"column":22}},"loc":{"start":{"line":32,"column":35},"end":{"line":36,"column":null}}},"2":{"name":"PaymentForm","decl":{"start":{"line":38,"column":24},"end":{"line":38,"column":36}},"loc":{"start":{"line":44,"column":19},"end":{"line":225,"column":null}}},"3":{"name":"(anonymous_5)","decl":{"start":{"line":49,"column":23},"end":{"line":49,"column":null}},"loc":{"start":{"line":49,"column":23},"end":{"line":53,"column":null}}},"4":{"name":"(anonymous_6)","decl":{"start":{"line":52,"column":19},"end":{"line":52,"column":25}},"loc":{"start":{"line":52,"column":25},"end":{"line":52,"column":46}}},"5":{"name":"(anonymous_7)","decl":{"start":{"line":62,"column":26},"end":{"line":62,"column":27}},"loc":{"start":{"line":62,"column":33},"end":{"line":62,"column":null}}},"6":{"name":"(anonymous_8)","decl":{"start":{"line":74,"column":33},"end":{"line":74,"column":39}},"loc":{"start":{"line":74,"column":39},"end":{"line":74,"column":null}}},"7":{"name":"(anonymous_9)","decl":{"start":{"line":103,"column":33},"end":{"line":103,"column":39}},"loc":{"start":{"line":103,"column":39},"end":{"line":103,"column":null}}},"8":{"name":"(anonymous_10)","decl":{"start":{"line":183,"column":34},"end":{"line":183,"column":35}},"loc":{"start":{"line":183,"column":41},"end":{"line":183,"column":null}}},"9":{"name":"(anonymous_11)","decl":{"start":{"line":193,"column":34},"end":{"line":193,"column":35}},"loc":{"start":{"line":193,"column":41},"end":{"line":193,"column":null}}},"10":{"name":"(anonymous_12)","decl":{"start":{"line":203,"column":38},"end":{"line":203,"column":39}},"loc":{"start":{"line":203,"column":45},"end":{"line":203,"column":null}}},"11":{"name":"(anonymous_13)","decl":{"start":{"line":213,"column":38},"end":{"line":213,"column":39}},"loc":{"start":{"line":213,"column":45},"end":{"line":213,"column":null}}}},"branchMap":{"0":{"loc":{"start":{"line":34,"column":4},"end":{"line":34,"column":null}},"type":"if","locations":[{"start":{"line":34,"column":4},"end":{"line":34,"column":null}}]},"1":{"loc":{"start":{"line":70,"column":41},"end":{"line":70,"column":null}},"type":"cond-expr","locations":[{"start":{"line":70,"column":67},"end":{"line":70,"column":84}},{"start":{"line":70,"column":84},"end":{"line":70,"column":null}}]},"2":{"loc":{"start":{"line":99,"column":41},"end":{"line":99,"column":null}},"type":"cond-expr","locations":[{"start":{"line":99,"column":75},"end":{"line":99,"column":92}},{"start":{"line":99,"column":92},"end":{"line":99,"column":null}}]},"3":{"loc":{"start":{"line":127,"column":13},"end":{"line":127,"column":null}},"type":"binary-expr","locations":[{"start":{"line":127,"column":13},"end":{"line":127,"column":null}}]},"4":{"loc":{"start":{"line":172,"column":29},"end":{"line":172,"column":null}},"type":"cond-expr","locations":[{"start":{"line":172,"column":41},"end":{"line":172,"column":56}},{"start":{"line":172,"column":56},"end":{"line":172,"column":null}}]},"5":{"loc":{"start":{"line":178,"column":13},"end":{"line":178,"column":null}},"type":"binary-expr","locations":[{"start":{"line":178,"column":13},"end":{"line":178,"column":null}}]}},"s":{"0":5,"1":1,"2":1,"3":1,"4":1,"5":0,"6":0,"7":0,"8":0,"9":0,"10":0,"11":5,"12":5,"13":5,"14":0,"15":0,"16":0,"17":0,"18":0,"19":0,"20":0,"21":0,"22":1,"23":0,"24":0},"f":{"0":0,"1":0,"2":5,"3":0,"4":0,"5":0,"6":0,"7":0,"8":0,"9":1,"10":0,"11":0},"b":{"0":[0],"1":[2,3],"2":[3,2],"3":[5],"4":[0,2],"5":[5]}}
,"/home/joel/Documentos/TESTE_FRONT/frontend/src/context/CartContext.tsx": {"path":"/home/joel/Documentos/TESTE_FRONT/frontend/src/context/CartContext.tsx","statementMap":{"0":{"start":{"line":82,"column":13},"end":{"line":82,"column":27}},"1":{"start":{"line":94,"column":16},"end":{"line":94,"column":29}},"2":{"start":{"line":3,"column":85},"end":{"line":3,"column":null}},"3":{"start":{"line":18,"column":17},"end":{"line":18,"column":null}},"4":{"start":{"line":19,"column":28},"end":{"line":19,"column":null}},"5":{"start":{"line":22,"column":4},"end":{"line":67,"column":null}},"6":{"start":{"line":24,"column":29},"end":{"line":24,"column":null}},"7":{"start":{"line":24,"column":53},"end":{"line":24,"column":83}},"8":{"start":{"line":25,"column":29},"end":{"line":31,"column":null}},"9":{"start":{"line":27,"column":20},"end":{"line":29,"column":null}},"10":{"start":{"line":32,"column":12},"end":{"line":35,"column":null}},"11":{"start":{"line":38,"column":29},"end":{"line":38,"column":null}},"12":{"start":{"line":38,"column":55},"end":{"line":38,"column":84}},"13":{"start":{"line":39,"column":12},"end":{"line":42,"column":null}},"14":{"start":{"line":45,"column":12},"end":{"line":51,"column":null}},"15":{"start":{"line":46,"column":33},"end":{"line":46,"column":null}},"16":{"start":{"line":46,"column":59},"end":{"line":46,"column":88}},"17":{"start":{"line":47,"column":16},"end":{"line":50,"column":null}},"18":{"start":{"line":52,"column":12},"end":{"line":59,"column":null}},"19":{"start":{"line":55,"column":20},"end":{"line":57,"column":null}},"20":{"start":{"line":62,"column":12},"end":{"line":62,"column":null}},"21":{"start":{"line":64,"column":12},"end":{"line":64,"column":null}},"22":{"start":{"line":66,"column":12},"end":{"line":66,"column":null}},"23":{"start":{"line":82,"column":27},"end":{"line":92,"column":null}},"24":{"start":{"line":95,"column":30},"end":{"line":95,"column":null}},"25":{"start":{"line":96,"column":19},"end":{"line":96,"column":null}},"26":{"start":{"line":98,"column":4},"end":{"line":113,"column":null}},"27":{"start":{"line":99,"column":8},"end":{"line":111,"column":null}},"28":{"start":{"line":100,"column":26},"end":{"line":100,"column":null}},"29":{"start":{"line":101,"column":12},"end":{"line":108,"column":null}},"30":{"start":{"line":102,"column":42},"end":{"line":102,"column":null}},"31":{"start":{"line":103,"column":16},"end":{"line":107,"column":null}},"32":{"start":{"line":104,"column":20},"end":{"line":104,"column":null}},"33":{"start":{"line":105,"column":23},"end":{"line":107,"column":null}},"34":{"start":{"line":106,"column":20},"end":{"line":106,"column":null}},"35":{"start":{"line":110,"column":12},"end":{"line":110,"column":null}},"36":{"start":{"line":112,"column":8},"end":{"line":112,"column":null}},"37":{"start":{"line":115,"column":4},"end":{"line":122,"column":null}},"38":{"start":{"line":116,"column":8},"end":{"line":116,"column":null}},"39":{"start":{"line":116,"column":29},"end":{"line":116,"column":null}},"40":{"start":{"line":117,"column":8},"end":{"line":121,"column":null}},"41":{"start":{"line":118,"column":12},"end":{"line":118,"column":null}},"42":{"start":{"line":120,"column":12},"end":{"line":120,"column":null}},"43":{"start":{"line":124,"column":20},"end":{"line":126,"column":null}},"44":{"start":{"line":125,"column":8},"end":{"line":125,"column":null}},"45":{"start":{"line":128,"column":23},"end":{"line":130,"column":null}},"46":{"start":{"line":129,"column":8},"end":{"line":129,"column":null}},"47":{"start":{"line":132,"column":27},"end":{"line":134,"column":null}},"48":{"start":{"line":133,"column":8},"end":{"line":133,"column":null}},"49":{"start":{"line":136,"column":22},"end":{"line":138,"column":null}},"50":{"start":{"line":137,"column":8},"end":{"line":137,"column":null}},"51":{"start":{"line":140,"column":23},"end":{"line":140,"column":null}},"52":{"start":{"line":140,"column":54},"end":{"line":140,"column":86}},"53":{"start":{"line":141,"column":23},"end":{"line":141,"column":null}},"54":{"start":{"line":141,"column":54},"end":{"line":141,"column":70}},"55":{"start":{"line":142,"column":22},"end":{"line":142,"column":null}}},"fnMap":{"0":{"name":"cartReducer","decl":{"start":{"line":21,"column":9},"end":{"line":21,"column":21}},"loc":{"start":{"line":21,"column":57},"end":{"line":68,"column":null}}},"1":{"name":"(anonymous_4)","decl":{"start":{"line":24,"column":46},"end":{"line":24,"column":47}},"loc":{"start":{"line":24,"column":53},"end":{"line":24,"column":83}}},"2":{"name":"(anonymous_5)","decl":{"start":{"line":26,"column":34},"end":{"line":26,"column":35}},"loc":{"start":{"line":27,"column":20},"end":{"line":29,"column":null}}},"3":{"name":"(anonymous_6)","decl":{"start":{"line":38,"column":48},"end":{"line":38,"column":49}},"loc":{"start":{"line":38,"column":55},"end":{"line":38,"column":84}}},"4":{"name":"(anonymous_7)","decl":{"start":{"line":46,"column":52},"end":{"line":46,"column":53}},"loc":{"start":{"line":46,"column":59},"end":{"line":46,"column":88}}},"5":{"name":"(anonymous_8)","decl":{"start":{"line":54,"column":39},"end":{"line":54,"column":40}},"loc":{"start":{"line":55,"column":20},"end":{"line":57,"column":null}}},"6":{"name":"(anonymous_9)","decl":{"start":{"line":85,"column":13},"end":{"line":85,"column":21}},"loc":{"start":{"line":85,"column":13},"end":{"line":85,"column":null}}},"7":{"name":"(anonymous_10)","decl":{"start":{"line":86,"column":16},"end":{"line":86,"column":24}},"loc":{"start":{"line":86,"column":16},"end":{"line":86,"column":null}}},"8":{"name":"(anonymous_11)","decl":{"start":{"line":87,"column":20},"end":{"line":87,"column":28}},"loc":{"start":{"line":87,"column":20},"end":{"line":87,"column":null}}},"9":{"name":"(anonymous_12)","decl":{"start":{"line":88,"column":15},"end":{"line":88,"column":23}},"loc":{"start":{"line":88,"column":15},"end":{"line":88,"column":null}}},"10":{"name":"CartProvider","decl":{"start":{"line":94,"column":16},"end":{"line":94,"column":29}},"loc":{"start":{"line":94,"column":66},"end":{"line":161,"column":null}}},"11":{"name":"(anonymous_14)","decl":{"start":{"line":98,"column":14},"end":{"line":98,"column":null}},"loc":{"start":{"line":98,"column":14},"end":{"line":113,"column":7}}},"12":{"name":"(anonymous_15)","decl":{"start":{"line":115,"column":14},"end":{"line":115,"column":null}},"loc":{"start":{"line":115,"column":14},"end":{"line":122,"column":7}}},"13":{"name":"(anonymous_16)","decl":{"start":{"line":124,"column":32},"end":{"line":124,"column":33}},"loc":{"start":{"line":124,"column":59},"end":{"line":126,"column":7}}},"14":{"name":"(anonymous_17)","decl":{"start":{"line":128,"column":35},"end":{"line":128,"column":36}},"loc":{"start":{"line":128,"column":36},"end":{"line":130,"column":7}}},"15":{"name":"(anonymous_18)","decl":{"start":{"line":132,"column":39},"end":{"line":132,"column":40}},"loc":{"start":{"line":132,"column":57},"end":{"line":134,"column":7}}},"16":{"name":"(anonymous_19)","decl":{"start":{"line":136,"column":34},"end":{"line":136,"column":null}},"loc":{"start":{"line":136,"column":34},"end":{"line":138,"column":7}}},"17":{"name":"(anonymous_20)","decl":{"start":{"line":140,"column":42},"end":{"line":140,"column":43}},"loc":{"start":{"line":140,"column":54},"end":{"line":140,"column":86}}},"18":{"name":"(anonymous_21)","decl":{"start":{"line":141,"column":42},"end":{"line":141,"column":43}},"loc":{"start":{"line":141,"column":54},"end":{"line":141,"column":70}}}},"branchMap":{"0":{"loc":{"start":{"line":22,"column":4},"end":{"line":67,"column":null}},"type":"switch","locations":[{"start":{"line":23,"column":8},"end":{"line":36,"column":null}},{"start":{"line":37,"column":8},"end":{"line":43,"column":null}},{"start":{"line":44,"column":8},"end":{"line":60,"column":null}},{"start":{"line":61,"column":8},"end":{"line":62,"column":null}},{"start":{"line":63,"column":8},"end":{"line":64,"column":null}},{"start":{"line":65,"column":8},"end":{"line":66,"column":null}}]},"1":{"loc":{"start":{"line":25,"column":29},"end":{"line":31,"column":null}},"type":"cond-expr","locations":[{"start":{"line":26,"column":18},"end":{"line":29,"column":null}},{"start":{"line":31,"column":18},"end":{"line":31,"column":null}}]},"2":{"loc":{"start":{"line":27,"column":20},"end":{"line":29,"column":null}},"type":"cond-expr","locations":[{"start":{"line":28,"column":26},"end":{"line":28,"column":null}},{"start":{"line":29,"column":26},"end":{"line":29,"column":null}}]},"3":{"loc":{"start":{"line":34,"column":27},"end":{"line":34,"column":null}},"type":"binary-expr","locations":[{"start":{"line":34,"column":27},"end":{"line":34,"column":42}},{"start":{"line":34,"column":46},"end":{"line":34,"column":null}}]},"4":{"loc":{"start":{"line":41,"column":27},"end":{"line":41,"column":73}},"type":"cond-expr","locations":[{"start":{"line":41,"column":51},"end":{"line":41,"column":58}},{"start":{"line":41,"column":58},"end":{"line":41,"column":73}}]},"5":{"loc":{"start":{"line":45,"column":12},"end":{"line":51,"column":null}},"type":"if","locations":[{"start":{"line":45,"column":12},"end":{"line":51,"column":null}}]},"6":{"loc":{"start":{"line":49,"column":31},"end":{"line":49,"column":77}},"type":"cond-expr","locations":[{"start":{"line":49,"column":55},"end":{"line":49,"column":62}},{"start":{"line":49,"column":62},"end":{"line":49,"column":77}}]},"7":{"loc":{"start":{"line":55,"column":20},"end":{"line":57,"column":null}},"type":"cond-expr","locations":[{"start":{"line":56,"column":26},"end":{"line":56,"column":null}},{"start":{"line":57,"column":26},"end":{"line":57,"column":null}}]},"8":{"loc":{"start":{"line":101,"column":12},"end":{"line":108,"column":null}},"type":"if","locations":[{"start":{"line":101,"column":12},"end":{"line":108,"column":null}}]},"9":{"loc":{"start":{"line":103,"column":16},"end":{"line":107,"column":null}},"type":"if","locations":[{"start":{"line":103,"column":16},"end":{"line":107,"column":null}},{"start":{"line":105,"column":23},"end":{"line":107,"column":null}}]},"10":{"loc":{"start":{"line":103,"column":20},"end":{"line":103,"column":69}},"type":"binary-expr","locations":[{"start":{"line":103,"column":20},"end":{"line":103,"column":36}},{"start":{"line":103,"column":40},"end":{"line":103,"column":69}}]},"11":{"loc":{"start":{"line":105,"column":23},"end":{"line":107,"column":null}},"type":"if","locations":[{"start":{"line":105,"column":23},"end":{"line":107,"column":null}}]},"12":{"loc":{"start":{"line":116,"column":8},"end":{"line":116,"column":null}},"type":"if","locations":[{"start":{"line":116,"column":8},"end":{"line":116,"column":null}}]},"13":{"loc":{"start":{"line":117,"column":8},"end":{"line":121,"column":null}},"type":"if","locations":[{"start":{"line":117,"column":8},"end":{"line":121,"column":null}},{"start":{"line":119,"column":15},"end":{"line":121,"column":null}}]},"14":{"loc":{"start":{"line":124,"column":47},"end":{"line":124,"column":59}},"type":"default-arg","locations":[{"start":{"line":124,"column":58},"end":{"line":124,"column":59}}]},"15":{"loc":{"start":{"line":142,"column":22},"end":{"line":142,"column":null}},"type":"cond-expr","locations":[{"start":{"line":142,"column":40},"end":{"line":142,"column":68}},{"start":{"line":142,"column":71},"end":{"line":142,"column":null}}]}},"s":{"0":31,"1":19,"2":3,"3":3,"4":3,"5":14,"6":11,"7":4,"8":11,"9":1,"10":11,"11":1,"12":2,"13":1,"14":1,"15":0,"16":0,"17":0,"18":1,"19":1,"20":1,"21":0,"22":0,"23":3,"24":31,"25":31,"26":31,"27":19,"28":19,"29":19,"30":0,"31":0,"32":0,"33":0,"34":0,"35":0,"36":19,"37":31,"38":31,"39":0,"40":31,"41":11,"42":20,"43":31,"44":11,"45":31,"46":1,"47":31,"48":1,"49":31,"50":1,"51":31,"52":14,"53":31,"54":14,"55":31},"f":{"0":14,"1":4,"2":1,"3":2,"4":0,"5":1,"6":0,"7":0,"8":0,"9":0,"10":31,"11":19,"12":31,"13":11,"14":1,"15":1,"16":1,"17":14,"18":14},"b":{"0":[11,1,1,1,0,0],"1":[1,10],"2":[1,0],"3":[11,7],"4":[0,1],"5":[0],"6":[0,0],"7":[1,0],"8":[0],"9":[0,0],"10":[0,0],"11":[0],"12":[0],"13":[11,20],"14":[0],"15":[11,20]}}
,"/home/joel/Documentos/TESTE_FRONT/frontend/src/hooks/useCart.ts": {"path":"/home/joel/Documentos/TESTE_FRONT/frontend/src/hooks/useCart.ts","statementMap":{"0":{"start":{"line":6,"column":16},"end":{"line":6,"column":null}},"1":{"start":{"line":3,"column":27},"end":{"line":3,"column":null}},"2":{"start":{"line":4,"column":28},"end":{"line":4,"column":null}},"3":{"start":{"line":7,"column":4},"end":{"line":7,"column":null}}},"fnMap":{"0":{"name":"useCart","decl":{"start":{"line":6,"column":16},"end":{"line":6,"column":null}},"loc":{"start":{"line":6,"column":16},"end":{"line":8,"column":null}}}},"branchMap":{},"s":{"0":31,"1":3,"2":3,"3":31},"f":{"0":31},"b":{}}
}
