TN:
SF:src/components/CartDrawer.tsx
FN:26,CartDrawer
FN:31,(anonymous_3)
FN:37,(anonymous_4)
FN:51,(anonymous_5)
FN:59,(anonymous_6)
FN:119,(anonymous_7)
FNF:6
FNH:2
FNDA:4,CartDrawer
FNDA:4,(anonymous_3)
FNDA:0,(anonymous_4)
FNDA:0,(anonymous_5)
FNDA:0,(anonymous_6)
FNDA:0,(anonymous_7)
DA:3,1
DA:4,1
DA:14,1
DA:15,1
DA:16,1
DA:17,1
DA:18,1
DA:19,1
DA:26,4
DA:27,4
DA:28,4
DA:29,4
DA:31,4
DA:32,4
DA:33,4
DA:34,4
DA:37,0
DA:38,0
DA:39,0
DA:40,0
DA:41,0
DA:42,0
DA:44,0
DA:45,0
DA:46,0
DA:49,0
DA:50,0
DA:51,0
DA:54,4
DA:59,4
DA:60,0
DA:61,0
DA:120,0
LF:33
LH:18
BRDA:32,0,0,4
BRDA:39,1,0,0
BRDA:84,2,0,4
BRDA:95,3,0,4
BRDA:95,3,1,0
BRDA:96,4,0,0
BRDA:96,4,1,0
BRDA:98,5,0,0
BRDA:98,5,1,0
BRDA:99,6,0,0
BRDA:99,6,1,0
BRDA:100,7,0,0
BRDA:100,7,1,0
BRDA:108,8,0,4
BRDA:131,9,0,4
BRDA:135,10,0,0
BRDA:135,10,1,0
BRF:17
BRH:5
end_of_record
TN:
SF:src/components/CartItem.tsx
FN:20,CartItemComponent
FN:74,(anonymous_3)
FN:85,(anonymous_4)
FN:96,(anonymous_5)
FNF:4
FNH:3
FNDA:4,CartItemComponent
FNDA:0,(anonymous_3)
FNDA:1,(anonymous_4)
FNDA:1,(anonymous_5)
DA:8,2
DA:9,2
DA:10,2
DA:11,2
DA:20,4
DA:21,4
DA:23,4
DA:28,4
DA:74,0
DA:85,1
DA:96,1
LF:11
LH:10
BRF:0
BRH:0
end_of_record
TN:
SF:src/components/EventCard.tsx
FN:30,EventCard
FN:47,(anonymous_3)
FN:50,(anonymous_4)
FN:165,(anonymous_5)
FN:165,(anonymous_6)
FN:176,(anonymous_7)
FN:176,(anonymous_8)
FN:204,(anonymous_9)
FN:210,(anonymous_10)
FNF:9
FNH:1
FNDA:7,EventCard
FNDA:0,(anonymous_3)
FNDA:0,(anonymous_4)
FNDA:0,(anonymous_5)
FNDA:0,(anonymous_6)
FNDA:0,(anonymous_7)
FNDA:0,(anonymous_8)
FNDA:0,(anonymous_9)
FNDA:0,(anonymous_10)
DA:3,1
DA:16,1
DA:17,1
DA:18,1
DA:19,1
DA:20,1
DA:21,1
DA:22,1
DA:24,1
DA:30,7
DA:31,7
DA:32,7
DA:33,7
DA:35,7
DA:41,7
DA:46,7
DA:47,7
DA:48,7
DA:50,7
DA:51,0
DA:52,0
DA:53,0
DA:54,0
DA:55,0
DA:165,0
DA:176,0
DA:204,0
DA:210,0
LF:28
LH:19
BRDA:48,0,0,7
BRDA:48,0,1,7
BRDA:52,1,0,0
BRDA:65,2,0,2
BRDA:65,2,1,5
BRDA:69,3,0,2
BRDA:69,3,1,5
BRDA:108,4,0,7
BRDA:116,5,0,7
BRDA:116,5,1,0
BRDA:161,6,0,7
BRDA:190,7,0,0
BRDA:190,7,1,5
BRDA:194,8,0,7
BRF:14
BRH:11
end_of_record
TN:
SF:src/components/PaymentForm.tsx
FN:27,formatCardNumber
FN:32,formatExpiry
FN:38,PaymentForm
FN:49,(anonymous_5)
FN:52,(anonymous_6)
FN:62,(anonymous_7)
FN:74,(anonymous_8)
FN:103,(anonymous_9)
FN:183,(anonymous_10)
FN:193,(anonymous_11)
FN:203,(anonymous_12)
FN:213,(anonymous_13)
FNF:12
FNH:2
FNDA:0,formatCardNumber
FNDA:0,formatExpiry
FNDA:5,PaymentForm
FNDA:0,(anonymous_5)
FNDA:0,(anonymous_6)
FNDA:0,(anonymous_7)
FNDA:0,(anonymous_8)
FNDA:0,(anonymous_9)
FNDA:0,(anonymous_10)
FNDA:1,(anonymous_11)
FNDA:0,(anonymous_12)
FNDA:0,(anonymous_13)
DA:3,1
DA:14,1
DA:15,1
DA:16,1
DA:28,0
DA:29,0
DA:33,0
DA:34,0
DA:35,0
DA:38,5
DA:45,5
DA:47,5
DA:49,5
DA:50,0
DA:51,0
DA:52,0
DA:62,0
DA:74,0
DA:103,0
DA:183,0
DA:193,1
DA:203,0
DA:213,0
LF:23
LH:9
BRDA:34,0,0,0
BRDA:70,1,0,2
BRDA:70,1,1,3
BRDA:99,2,0,3
BRDA:99,2,1,2
BRDA:127,3,0,5
BRDA:172,4,0,0
BRDA:172,4,1,2
BRDA:178,5,0,5
BRF:9
BRH:7
end_of_record
TN:
SF:src/context/CartContext.tsx
FN:21,cartReducer
FN:24,(anonymous_4)
FN:26,(anonymous_5)
FN:38,(anonymous_6)
FN:46,(anonymous_7)
FN:54,(anonymous_8)
FN:85,(anonymous_9)
FN:86,(anonymous_10)
FN:87,(anonymous_11)
FN:88,(anonymous_12)
FN:94,CartProvider
FN:98,(anonymous_14)
FN:115,(anonymous_15)
FN:124,(anonymous_16)
FN:128,(anonymous_17)
FN:132,(anonymous_18)
FN:136,(anonymous_19)
FN:140,(anonymous_20)
FN:141,(anonymous_21)
FNF:19
FNH:14
FNDA:14,cartReducer
FNDA:4,(anonymous_4)
FNDA:1,(anonymous_5)
FNDA:2,(anonymous_6)
FNDA:0,(anonymous_7)
FNDA:1,(anonymous_8)
FNDA:0,(anonymous_9)
FNDA:0,(anonymous_10)
FNDA:0,(anonymous_11)
FNDA:0,(anonymous_12)
FNDA:31,CartProvider
FNDA:19,(anonymous_14)
FNDA:31,(anonymous_15)
FNDA:11,(anonymous_16)
FNDA:1,(anonymous_17)
FNDA:1,(anonymous_18)
FNDA:1,(anonymous_19)
FNDA:14,(anonymous_20)
FNDA:14,(anonymous_21)
DA:3,3
DA:18,3
DA:19,3
DA:22,14
DA:24,11
DA:25,11
DA:27,1
DA:32,11
DA:38,2
DA:39,1
DA:45,1
DA:46,0
DA:47,0
DA:52,1
DA:55,1
DA:62,1
DA:64,0
DA:66,0
DA:82,31
DA:94,19
DA:95,31
DA:96,31
DA:98,31
DA:99,19
DA:100,19
DA:101,19
DA:102,0
DA:103,0
DA:104,0
DA:105,0
DA:106,0
DA:110,0
DA:112,19
DA:115,31
DA:116,31
DA:117,31
DA:118,11
DA:120,20
DA:124,31
DA:125,11
DA:128,31
DA:129,1
DA:132,31
DA:133,1
DA:136,31
DA:137,1
DA:140,31
DA:141,31
DA:142,31
LF:49
LH:39
BRDA:22,0,0,11
BRDA:22,0,1,1
BRDA:22,0,2,1
BRDA:22,0,3,1
BRDA:22,0,4,0
BRDA:22,0,5,0
BRDA:25,1,0,1
BRDA:25,1,1,10
BRDA:27,2,0,1
BRDA:27,2,1,0
BRDA:34,3,0,11
BRDA:34,3,1,7
BRDA:41,4,0,0
BRDA:41,4,1,1
BRDA:45,5,0,0
BRDA:49,6,0,0
BRDA:49,6,1,0
BRDA:55,7,0,1
BRDA:55,7,1,0
BRDA:101,8,0,0
BRDA:103,9,0,0
BRDA:103,9,1,0
BRDA:103,10,0,0
BRDA:103,10,1,0
BRDA:105,11,0,0
BRDA:116,12,0,0
BRDA:117,13,0,11
BRDA:117,13,1,20
BRDA:124,14,0,0
BRDA:142,15,0,11
BRDA:142,15,1,20
BRF:31
BRH:15
end_of_record
TN:
SF:src/hooks/useCart.ts
FN:6,useCart
FNF:1
FNH:1
FNDA:31,useCart
DA:3,3
DA:4,3
DA:6,31
DA:7,31
LF:4
LH:4
BRF:0
BRH:0
end_of_record
